Using pre-set license
Built from '2021.3/staging' branch; Version is '2021.3.10f1 (1c7d0df0160b) revision 1867021'; Using compiler version '192829333'; Build Type 'Release'
OS: 'Windows 10  (10.0.19043) 64bit CoreSingleLanguage' Language: 'ru' Physical Memory: 8151 MB
BatchMode: 1, IsHumanControllingUs: 0, StartBugReporterOnCrash: 0, Is64bit: 1, IsPro: 1

COMMAND LINE ARGUMENTS:
D:\UNITYHUB\Unity\2021.3.10f1\Editor\Unity.exe
-adb2
-batchMode
-noUpm
-name
AssetImportWorker0
-projectPath
D:/UNITYHUB/Project/FlappyBird
-logFile
Logs/AssetImportWorker0.log
-srvPort
62111
Successfully changed project path to: D:/UNITYHUB/Project/FlappyBird
D:/UNITYHUB/Project/FlappyBird
[UnityMemory] Configuration Parameters - Can be set up in boot.config
    "memorysetup-bucket-allocator-granularity=16"
    "memorysetup-bucket-allocator-bucket-count=8"
    "memorysetup-bucket-allocator-block-size=33554432"
    "memorysetup-bucket-allocator-block-count=8"
    "memorysetup-main-allocator-block-size=16777216"
    "memorysetup-thread-allocator-block-size=16777216"
    "memorysetup-gfx-main-allocator-block-size=16777216"
    "memorysetup-gfx-thread-allocator-block-size=16777216"
    "memorysetup-cache-allocator-block-size=4194304"
    "memorysetup-typetree-allocator-block-size=2097152"
    "memorysetup-profiler-bucket-allocator-granularity=16"
    "memorysetup-profiler-bucket-allocator-bucket-count=8"
    "memorysetup-profiler-bucket-allocator-block-size=33554432"
    "memorysetup-profiler-bucket-allocator-block-count=8"
    "memorysetup-profiler-allocator-block-size=16777216"
    "memorysetup-profiler-editor-allocator-block-size=1048576"
    "memorysetup-temp-allocator-size-main=16777216"
    "memorysetup-job-temp-allocator-block-size=2097152"
    "memorysetup-job-temp-allocator-block-size-background=1048576"
    "memorysetup-job-temp-allocator-reduction-small-platforms=262144"
    "memorysetup-temp-allocator-size-background-worker=32768"
    "memorysetup-temp-allocator-size-job-worker=262144"
    "memorysetup-temp-allocator-size-preload-manager=33554432"
    "memorysetup-temp-allocator-size-nav-mesh-worker=65536"
    "memorysetup-temp-allocator-size-audio-worker=65536"
    "memorysetup-temp-allocator-size-cloud-worker=32768"
    "memorysetup-temp-allocator-size-gi-baking-worker=262144"
    "memorysetup-temp-allocator-size-gfx=262144"
Refreshing native plugins compatible for Editor in 108.07 ms, found 4 plugins.
Preloading 0 native plugins for Editor in 0.00 ms.
Initialize engine version: 2021.3.10f1 (1c7d0df0160b)
[Subsystems] Discovering subsystems at path D:/UNITYHUB/Unity/2021.3.10f1/Editor/Data/Resources/UnitySubsystems
[Subsystems] Discovering subsystems at path D:/UNITYHUB/Project/FlappyBird/Assets
GfxDevice: creating device client; threaded=0; jobified=0
Direct3D:
    Version:  Direct3D 11.0 [level 11.1]
    Renderer: NVIDIA GeForce GTX 1050 Ti (ID=0x1c82)
    Vendor:   NVIDIA
    VRAM:     4019 MB
    Driver:   31.0.15.1694
Initialize mono
Mono path[0] = 'D:/UNITYHUB/Unity/2021.3.10f1/Editor/Data/Managed'
Mono path[1] = 'D:/UNITYHUB/Unity/2021.3.10f1/Editor/Data/MonoBleedingEdge/lib/mono/unityjit-win32'
Mono config path = 'D:/UNITYHUB/Unity/2021.3.10f1/Editor/Data/MonoBleedingEdge/etc'
Using monoOptions --debugger-agent=transport=dt_socket,embedding=1,server=y,suspend=n,address=127.0.0.1:56432
Begin MonoManager ReloadAssembly
Registering precompiled unity dll's ...
Register platform support module: D:/UNITYHUB/Unity/2021.3.10f1/Editor/Data/PlaybackEngines/WebGLSupport/UnityEditor.WebGL.Extensions.dll
Register platform support module: D:/UNITYHUB/Unity/2021.3.10f1/Editor/Data/PlaybackEngines/AndroidPlayer/UnityEditor.Android.Extensions.dll
Register platform support module: D:/UNITYHUB/Unity/2021.3.10f1/Editor/Data/PlaybackEngines/WindowsStandaloneSupport/UnityEditor.WindowsStandalone.Extensions.dll
Register platform support module: D:/UNITYHUB/Unity/2021.3.10f1/Editor/Data/PlaybackEngines/MetroSupport/UnityEditor.UWP.Extensions.dll
Registered in 0.004382 seconds.
Native extension for UWP target not found
Native extension for WindowsStandalone target not found
Native extension for Android target not found
Native extension for WebGL target not found
Refreshing native plugins compatible for Editor in 109.08 ms, found 4 plugins.
Preloading 0 native plugins for Editor in 0.00 ms.
Mono: successfully reloaded assembly
- Completed reload, in  0.709 seconds
Domain Reload Profiling:
	ReloadAssembly (710ms)
		BeginReloadAssembly (74ms)
			ExecutionOrderSort (0ms)
			DisableScriptedObjects (0ms)
			BackupInstance (0ms)
			ReleaseScriptingObjects (0ms)
			CreateAndSetChildDomain (1ms)
		EndReloadAssembly (526ms)
			LoadAssemblies (74ms)
			RebuildTransferFunctionScriptingTraits (0ms)
			SetupTypeCache (115ms)
			ReleaseScriptCaches (0ms)
			RebuildScriptCaches (32ms)
			SetupLoadedEditorAssemblies (329ms)
				LogAssemblyErrors (0ms)
				InitializePlatformSupportModulesInManaged (58ms)
				SetLoadedEditorAssemblies (0ms)
				RefreshPlugins (109ms)
				BeforeProcessingInitializeOnLoad (1ms)
				ProcessInitializeOnLoadAttributes (109ms)
				ProcessInitializeOnLoadMethodAttributes (51ms)
				AfterProcessingInitializeOnLoad (0ms)
				EditorAssembliesLoaded (0ms)
			ExecutionOrderSort2 (0ms)
			AwakeInstancesAfterBackupRestoration (0ms)
Platform modules already initialized, skipping
Registering precompiled user dll's ...
Registered in 0.007021 seconds.
Begin MonoManager ReloadAssembly
Native extension for UWP target not found
Native extension for WindowsStandalone target not found
Native extension for Android target not found
Native extension for WebGL target not found
Refreshing native plugins compatible for Editor in 105.20 ms, found 4 plugins.
Preloading 0 native plugins for Editor in 0.00 ms.
Mono: successfully reloaded assembly
- Completed reload, in  1.477 seconds
Domain Reload Profiling:
	ReloadAssembly (1477ms)
		BeginReloadAssembly (302ms)
			ExecutionOrderSort (0ms)
			DisableScriptedObjects (6ms)
			BackupInstance (0ms)
			ReleaseScriptingObjects (0ms)
			CreateAndSetChildDomain (178ms)
		EndReloadAssembly (1059ms)
			LoadAssemblies (120ms)
			RebuildTransferFunctionScriptingTraits (0ms)
			SetupTypeCache (287ms)
			ReleaseScriptCaches (1ms)
			RebuildScriptCaches (64ms)
			SetupLoadedEditorAssemblies (568ms)
				LogAssemblyErrors (0ms)
				InitializePlatformSupportModulesInManaged (14ms)
				SetLoadedEditorAssemblies (0ms)
				RefreshPlugins (105ms)
				BeforeProcessingInitializeOnLoad (105ms)
				ProcessInitializeOnLoadAttributes (296ms)
				ProcessInitializeOnLoadMethodAttributes (44ms)
				AfterProcessingInitializeOnLoad (3ms)
				EditorAssembliesLoaded (0ms)
			ExecutionOrderSort2 (0ms)
			AwakeInstancesAfterBackupRestoration (6ms)
Platform modules already initialized, skipping
========================================================================
Worker process is ready to serve import requests
Launched and connected shader compiler UnityShaderCompiler.exe after 0.05 seconds
Refreshing native plugins compatible for Editor in 1.30 ms, found 4 plugins.
Preloading 0 native plugins for Editor in 0.00 ms.
Unloading 4412 Unused Serialized files (Serialized files now loaded: 0)
Unloading 47 unused Assets / (229.0 KB). Loaded Objects now: 4865.
Memory consumption went from 164.6 MB to 164.4 MB.
Total: 4.909300 ms (FindLiveObjects: 0.400400 ms CreateObjectMapping: 0.529700 ms MarkObjects: 3.663300 ms  DeleteObjects: 0.314400 ms)

AssetImportParameters requested are different than current active one (requested -> active):
  custom:video-decoder-ogg-theora: a1e56fd34408186e4bbccfd4996cb3dc -> 
  custom:container-muxer-webm: aa71ff27fc2769a1b78a27578f13a17b -> 
  custom:container-demuxer-webm: 4f35f7cbe854078d1ac9338744f61a02 -> 
  custom:video-encoder-webm-vp8: eb34c28f22e8b96e1ab97ce403110664 -> 
  custom:audio-encoder-webm-vorbis: bf7c407c2cedff20999df2af8eb42d56 -> 
  custom:framework-win-MediaFoundation: 216162199b28c13a410421893ffa2e32 -> 
  custom:container-demuxer-ogg: 62fdf1f143b41e24485cea50d1cbac27 -> 
  custom:video-decoder-webm-vp8: 9c59270c3fd7afecdb556c50c9e8de78 -> 
  custom:audio-decoder-ogg-vorbis: bf7c407c2cedff20999df2af8eb42d56 -> 
========================================================================
Received Import Request.
  Time since last request: 224584.955743 seconds.
  path: Assets
  artifactKey: Guid(00000000000000001000000000000000) Importer(815301076,1909f56bfc062723c751e8b465ee728b)
Start importing Assets using Guid(00000000000000001000000000000000) Importer(815301076,1909f56bfc062723c751e8b465ee728b)  -> (artifact id: '79842766b460edbeab6a34051e857a80') in 0.011898 seconds 
========================================================================
Received Import Request.
  Time since last request: 8.155209 seconds.
  path: Assets/Scripts
  artifactKey: Guid(d8be0a843410cda4cb45e27cd7aac75c) Importer(815301076,1909f56bfc062723c751e8b465ee728b)
Start importing Assets/Scripts using Guid(d8be0a843410cda4cb45e27cd7aac75c) Importer(815301076,1909f56bfc062723c751e8b465ee728b)  -> (artifact id: '2f88fc092f25fdb06bd7d40043d353bb') in 0.007112 seconds 
========================================================================
Received Import Request.
  Time since last request: 72.151158 seconds.
  path: Assets/Scripts/InputAction.inputactions
  artifactKey: Guid(35c1bee68c9c9f542816b934adae2e4a) Importer(815301076,1909f56bfc062723c751e8b465ee728b)
Start importing Assets/Scripts/InputAction.inputactions using Guid(35c1bee68c9c9f542816b934adae2e4a) Importer(815301076,1909f56bfc062723c751e8b465ee728b)  -> (artifact id: 'b8385fcad549040cb3e4949104838bd5') in 0.086219 seconds 
========================================================================
Received Import Request.
  Time since last request: 121.156837 seconds.
  path: Assets/Scripts/InputAction.inputactions
  artifactKey: Guid(35c1bee68c9c9f542816b934adae2e4a) Importer(815301076,1909f56bfc062723c751e8b465ee728b)
Start importing Assets/Scripts/InputAction.inputactions using Guid(35c1bee68c9c9f542816b934adae2e4a) Importer(815301076,1909f56bfc062723c751e8b465ee728b)  -> (artifact id: '7756fb9d2bea5fd8e8a0a7c1214abdfd') in 0.006511 seconds 
========================================================================
Received Import Request.
  Time since last request: 23.551585 seconds.
  path: Assets/Scripts/BirdMover.cs
  artifactKey: Guid(532b4a51f00209f49b024f16c4354093) Importer(815301076,1909f56bfc062723c751e8b465ee728b)
Start importing Assets/Scripts/BirdMover.cs using Guid(532b4a51f00209f49b024f16c4354093) Importer(815301076,1909f56bfc062723c751e8b465ee728b)  -> (artifact id: '6b4becdd459d0dad79e5632ec7e212d0') in 0.010761 seconds 
========================================================================
Received Import Request.
  Time since last request: 11.269127 seconds.
  path: Assets/Sprites/atlas.png
  artifactKey: Guid(28dfc298d323f404d9b28fdc55231c13) Importer(815301076,1909f56bfc062723c751e8b465ee728b)
Start importing Assets/Sprites/atlas.png using Guid(28dfc298d323f404d9b28fdc55231c13) Importer(815301076,1909f56bfc062723c751e8b465ee728b)  -> (artifact id: '67535e9ae7e6645c93900ac414780e20') in 0.188258 seconds 
========================================================================
Received Import Request.
  Time since last request: 355.653085 seconds.
  path: Assets/Settings/InputSystem.inputsettings.asset
  artifactKey: Guid(69c147286e5f54790b1a6c422252bab6) Importer(815301076,1909f56bfc062723c751e8b465ee728b)
Start importing Assets/Settings/InputSystem.inputsettings.asset using Guid(69c147286e5f54790b1a6c422252bab6) Importer(815301076,1909f56bfc062723c751e8b465ee728b)  -> (artifact id: 'f62938bd8157f46e7381a0aa41ccffcb') in 0.008278 seconds 
========================================================================
Received Import Request.
  Time since last request: 19.263742 seconds.
  path: Assets/Sprites 1/atlas.png
  artifactKey: Guid(e65c67ebae1099e419c3c56cbbe5757d) Importer(815301076,1909f56bfc062723c751e8b465ee728b)
Start importing Assets/Sprites 1/atlas.png using Guid(e65c67ebae1099e419c3c56cbbe5757d) Importer(815301076,1909f56bfc062723c751e8b465ee728b)  -> (artifact id: '08cdfe2e83d48d39fbc18c64a781bd4e') in 0.309304 seconds 
========================================================================
Received Import Request.
  Time since last request: 111.835234 seconds.
  path: Assets/Scripts/InputAction.cs
  artifactKey: Guid(f01d2bab181b3e744bcdb67747cf4fdc) Importer(815301076,1909f56bfc062723c751e8b465ee728b)
Start importing Assets/Scripts/InputAction.cs using Guid(f01d2bab181b3e744bcdb67747cf4fdc) Importer(815301076,1909f56bfc062723c751e8b465ee728b)  -> (artifact id: '63c126ad8d13b4c3d21f228fbf1975cb') in 0.002842 seconds 
========================================================================
Received Import Request.
  Time since last request: 15.215562 seconds.
  path: Assets/Scripts/InputAction.inputactions
  artifactKey: Guid(35c1bee68c9c9f542816b934adae2e4a) Importer(815301076,1909f56bfc062723c751e8b465ee728b)
Start importing Assets/Scripts/InputAction.inputactions using Guid(35c1bee68c9c9f542816b934adae2e4a) Importer(815301076,1909f56bfc062723c751e8b465ee728b)  -> (artifact id: '499b38f52c4ef77b572c300a5a24f61d') in 0.004886 seconds 
========================================================================
Received Import Request.
  Time since last request: 71.232150 seconds.
  path: Assets/Scripts/InputAction.cs
  artifactKey: Guid(f01d2bab181b3e744bcdb67747cf4fdc) Importer(815301076,1909f56bfc062723c751e8b465ee728b)
Start importing Assets/Scripts/InputAction.cs using Guid(f01d2bab181b3e744bcdb67747cf4fdc) Importer(815301076,1909f56bfc062723c751e8b465ee728b)  -> (artifact id: '1736a3f7aa9266913deb18253280bb7d') in 0.002355 seconds 
========================================================================
Received Prepare
Registering precompiled user dll's ...
Registered in 0.005803 seconds.
Begin MonoManager ReloadAssembly
Native extension for UWP target not found
Native extension for WindowsStandalone target not found
Native extension for Android target not found
Native extension for WebGL target not found
Refreshing native plugins compatible for Editor in 0.80 ms, found 4 plugins.
Preloading 0 native plugins for Editor in 0.00 ms.
Mono: successfully reloaded assembly
- Completed reload, in  1.138 seconds
Domain Reload Profiling:
	ReloadAssembly (1138ms)
		BeginReloadAssembly (162ms)
			ExecutionOrderSort (0ms)
			DisableScriptedObjects (7ms)
			BackupInstance (0ms)
			ReleaseScriptingObjects (0ms)
			CreateAndSetChildDomain (48ms)
		EndReloadAssembly (856ms)
			LoadAssemblies (98ms)
			RebuildTransferFunctionScriptingTraits (0ms)
			SetupTypeCache (271ms)
			ReleaseScriptCaches (1ms)
			RebuildScriptCaches (49ms)
			SetupLoadedEditorAssemblies (392ms)
				LogAssemblyErrors (0ms)
				InitializePlatformSupportModulesInManaged (22ms)
				SetLoadedEditorAssemblies (1ms)
				RefreshPlugins (1ms)
				BeforeProcessingInitializeOnLoad (71ms)
				ProcessInitializeOnLoadAttributes (255ms)
				ProcessInitializeOnLoadMethodAttributes (39ms)
				AfterProcessingInitializeOnLoad (3ms)
				EditorAssembliesLoaded (0ms)
			ExecutionOrderSort2 (0ms)
			AwakeInstancesAfterBackupRestoration (9ms)
Platform modules already initialized, skipping
Refreshing native plugins compatible for Editor in 3.94 ms, found 4 plugins.
Preloading 0 native plugins for Editor in 0.00 ms.
Unloading 4408 Unused Serialized files (Serialized files now loaded: 0)
Unloading 32 unused Assets / (195.3 KB). Loaded Objects now: 4942.
Memory consumption went from 169.0 MB to 168.8 MB.
Total: 6.129800 ms (FindLiveObjects: 0.523900 ms CreateObjectMapping: 0.495900 ms MarkObjects: 4.886300 ms  DeleteObjects: 0.221900 ms)

AssetImportParameters requested are different than current active one (requested -> active):
  custom:video-decoder-ogg-theora: a1e56fd34408186e4bbccfd4996cb3dc -> 
  custom:container-muxer-webm: aa71ff27fc2769a1b78a27578f13a17b -> 
  custom:container-demuxer-webm: 4f35f7cbe854078d1ac9338744f61a02 -> 
  custom:video-encoder-webm-vp8: eb34c28f22e8b96e1ab97ce403110664 -> 
  custom:audio-encoder-webm-vorbis: bf7c407c2cedff20999df2af8eb42d56 -> 
  custom:framework-win-MediaFoundation: 216162199b28c13a410421893ffa2e32 -> 
  custom:container-demuxer-ogg: 62fdf1f143b41e24485cea50d1cbac27 -> 
  custom:video-decoder-webm-vp8: 9c59270c3fd7afecdb556c50c9e8de78 -> 
  custom:audio-decoder-ogg-vorbis: bf7c407c2cedff20999df2af8eb42d56 -> 
========================================================================
Received Import Request.
  Time since last request: 67.915634 seconds.
  path: Assets/Scripts/InputAction.inputactions
  artifactKey: Guid(35c1bee68c9c9f542816b934adae2e4a) Importer(815301076,1909f56bfc062723c751e8b465ee728b)
Start importing Assets/Scripts/InputAction.inputactions using Guid(35c1bee68c9c9f542816b934adae2e4a) Importer(815301076,1909f56bfc062723c751e8b465ee728b)  -> (artifact id: '85d0fd2c4e3b1785f598b3d7343c999b') in 0.028648 seconds 
========================================================================
Received Import Request.
  Time since last request: 11.989867 seconds.
  path: Assets/Scripts/InputAction.inputactions
  artifactKey: Guid(35c1bee68c9c9f542816b934adae2e4a) Importer(815301076,1909f56bfc062723c751e8b465ee728b)
Start importing Assets/Scripts/InputAction.inputactions using Guid(35c1bee68c9c9f542816b934adae2e4a) Importer(815301076,1909f56bfc062723c751e8b465ee728b)  -> (artifact id: '4201e863f314437c2323b0b6a04d9785') in 0.004404 seconds 
========================================================================
Received Import Request.
  Time since last request: 7.226800 seconds.
  path: Assets/Scripts/InputAction.inputactions
  artifactKey: Guid(35c1bee68c9c9f542816b934adae2e4a) Importer(815301076,1909f56bfc062723c751e8b465ee728b)
Start importing Assets/Scripts/InputAction.inputactions using Guid(35c1bee68c9c9f542816b934adae2e4a) Importer(815301076,1909f56bfc062723c751e8b465ee728b)  -> (artifact id: '6f3ae14f99b6912a9333171aabddede0') in 0.004227 seconds 
========================================================================
Received Import Request.
  Time since last request: 9.214116 seconds.
  path: Assets/Scripts/InputAction.inputactions
  artifactKey: Guid(35c1bee68c9c9f542816b934adae2e4a) Importer(815301076,1909f56bfc062723c751e8b465ee728b)
Start importing Assets/Scripts/InputAction.inputactions using Guid(35c1bee68c9c9f542816b934adae2e4a) Importer(815301076,1909f56bfc062723c751e8b465ee728b)  -> (artifact id: 'db1e03aa660e278af648f6d4936ea152') in 0.003675 seconds 
========================================================================
Received Import Request.
  Time since last request: 19.571885 seconds.
  path: Assets/Scripts/InputAction.inputactions
  artifactKey: Guid(35c1bee68c9c9f542816b934adae2e4a) Importer(815301076,1909f56bfc062723c751e8b465ee728b)
Start importing Assets/Scripts/InputAction.inputactions using Guid(35c1bee68c9c9f542816b934adae2e4a) Importer(815301076,1909f56bfc062723c751e8b465ee728b)  -> (artifact id: 'b13bf3d90b9266a76308ebdfdfe53e4c') in 0.003942 seconds 
========================================================================
Received Import Request.
  Time since last request: 19.939139 seconds.
  path: Assets/Scripts/InputAction.inputactions
  artifactKey: Guid(35c1bee68c9c9f542816b934adae2e4a) Importer(815301076,1909f56bfc062723c751e8b465ee728b)
Start importing Assets/Scripts/InputAction.inputactions using Guid(35c1bee68c9c9f542816b934adae2e4a) Importer(815301076,1909f56bfc062723c751e8b465ee728b)  -> (artifact id: '3e19c9d94a6c553c4425dd67507f444c') in 0.012144 seconds 
========================================================================
Received Import Request.
  Time since last request: 25.973919 seconds.
  path: Assets/Scripts/InputAction.inputactions
  artifactKey: Guid(35c1bee68c9c9f542816b934adae2e4a) Importer(815301076,1909f56bfc062723c751e8b465ee728b)
Start importing Assets/Scripts/InputAction.inputactions using Guid(35c1bee68c9c9f542816b934adae2e4a) Importer(815301076,1909f56bfc062723c751e8b465ee728b)  -> (artifact id: 'e2c376ff402be341aafcb908206fc71d') in 0.004037 seconds 
========================================================================
Received Import Request.
  Time since last request: 5.184379 seconds.
  path: Assets/Scripts/InputAction.inputactions
  artifactKey: Guid(35c1bee68c9c9f542816b934adae2e4a) Importer(815301076,1909f56bfc062723c751e8b465ee728b)
Start importing Assets/Scripts/InputAction.inputactions using Guid(35c1bee68c9c9f542816b934adae2e4a) Importer(815301076,1909f56bfc062723c751e8b465ee728b)  -> (artifact id: '775bb479d1c920c947cbb84f7ed20c4f') in 0.004460 seconds 
========================================================================
Received Import Request.
  Time since last request: 4.359894 seconds.
  path: Assets/Scripts/InputAction.inputactions
  artifactKey: Guid(35c1bee68c9c9f542816b934adae2e4a) Importer(815301076,1909f56bfc062723c751e8b465ee728b)
Start importing Assets/Scripts/InputAction.inputactions using Guid(35c1bee68c9c9f542816b934adae2e4a) Importer(815301076,1909f56bfc062723c751e8b465ee728b)  -> (artifact id: '336009e44cb998b4123d6bca1b2aa759') in 0.003993 seconds 
========================================================================
Received Import Request.
  Time since last request: 22.453143 seconds.
  path: Assets/Scripts/InputAction.inputactions
  artifactKey: Guid(35c1bee68c9c9f542816b934adae2e4a) Importer(815301076,1909f56bfc062723c751e8b465ee728b)
Start importing Assets/Scripts/InputAction.inputactions using Guid(35c1bee68c9c9f542816b934adae2e4a) Importer(815301076,1909f56bfc062723c751e8b465ee728b)  -> (artifact id: '6425b4e0592ea1b681338a1aaacb6f55') in 0.003370 seconds 
========================================================================
Received Import Request.
  Time since last request: 1.800180 seconds.
  path: Assets/Scripts/InputAction.cs
  artifactKey: Guid(f01d2bab181b3e744bcdb67747cf4fdc) Importer(815301076,1909f56bfc062723c751e8b465ee728b)
Start importing Assets/Scripts/InputAction.cs using Guid(f01d2bab181b3e744bcdb67747cf4fdc) Importer(815301076,1909f56bfc062723c751e8b465ee728b)  -> (artifact id: '455b0ae2c625cc82e524f9c71791f8b6') in 0.002456 seconds 
========================================================================
Received Prepare
Registering precompiled user dll's ...
Registered in 0.005548 seconds.
Begin MonoManager ReloadAssembly
Native extension for UWP target not found
Native extension for WindowsStandalone target not found
Native extension for Android target not found
Native extension for WebGL target not found
Refreshing native plugins compatible for Editor in 0.80 ms, found 4 plugins.
Preloading 0 native plugins for Editor in 0.00 ms.
Mono: successfully reloaded assembly
- Completed reload, in  1.375 seconds
Domain Reload Profiling:
	ReloadAssembly (1376ms)
		BeginReloadAssembly (161ms)
			ExecutionOrderSort (0ms)
			DisableScriptedObjects (8ms)
			BackupInstance (0ms)
			ReleaseScriptingObjects (0ms)
			CreateAndSetChildDomain (48ms)
		EndReloadAssembly (1059ms)
			LoadAssemblies (124ms)
			RebuildTransferFunctionScriptingTraits (0ms)
			SetupTypeCache (412ms)
			ReleaseScriptCaches (2ms)
			RebuildScriptCaches (55ms)
			SetupLoadedEditorAssemblies (414ms)
				LogAssemblyErrors (0ms)
				InitializePlatformSupportModulesInManaged (23ms)
				SetLoadedEditorAssemblies (1ms)
				RefreshPlugins (1ms)
				BeforeProcessingInitializeOnLoad (72ms)
				ProcessInitializeOnLoadAttributes (276ms)
				ProcessInitializeOnLoadMethodAttributes (39ms)
				AfterProcessingInitializeOnLoad (3ms)
				EditorAssembliesLoaded (0ms)
			ExecutionOrderSort2 (0ms)
			AwakeInstancesAfterBackupRestoration (9ms)
Platform modules already initialized, skipping
Refreshing native plugins compatible for Editor in 3.77 ms, found 4 plugins.
Preloading 0 native plugins for Editor in 0.00 ms.
Unloading 4408 Unused Serialized files (Serialized files now loaded: 0)
Unloading 32 unused Assets / (195.4 KB). Loaded Objects now: 4945.
Memory consumption went from 169.0 MB to 168.8 MB.
Total: 5.700500 ms (FindLiveObjects: 0.337700 ms CreateObjectMapping: 0.257400 ms MarkObjects: 4.899600 ms  DeleteObjects: 0.204300 ms)

AssetImportParameters requested are different than current active one (requested -> active):
  custom:video-decoder-ogg-theora: a1e56fd34408186e4bbccfd4996cb3dc -> 
  custom:container-muxer-webm: aa71ff27fc2769a1b78a27578f13a17b -> 
  custom:container-demuxer-webm: 4f35f7cbe854078d1ac9338744f61a02 -> 
  custom:video-encoder-webm-vp8: eb34c28f22e8b96e1ab97ce403110664 -> 
  custom:audio-encoder-webm-vorbis: bf7c407c2cedff20999df2af8eb42d56 -> 
  custom:framework-win-MediaFoundation: 216162199b28c13a410421893ffa2e32 -> 
  custom:container-demuxer-ogg: 62fdf1f143b41e24485cea50d1cbac27 -> 
  custom:video-decoder-webm-vp8: 9c59270c3fd7afecdb556c50c9e8de78 -> 
  custom:audio-decoder-ogg-vorbis: bf7c407c2cedff20999df2af8eb42d56 -> 
========================================================================
Received Import Request.
  Time since last request: 95.589037 seconds.
  path: Assets/Scripts/InputAction.inputactions
  artifactKey: Guid(35c1bee68c9c9f542816b934adae2e4a) Importer(815301076,1909f56bfc062723c751e8b465ee728b)
Start importing Assets/Scripts/InputAction.inputactions using Guid(35c1bee68c9c9f542816b934adae2e4a) Importer(815301076,1909f56bfc062723c751e8b465ee728b)  -> (artifact id: 'b960d8918ba07627f65dc84d51b3bc59') in 0.024438 seconds 
========================================================================
Received Import Request.
  Time since last request: 2.026255 seconds.
  path: Assets/Scripts/InputAction.cs
  artifactKey: Guid(f01d2bab181b3e744bcdb67747cf4fdc) Importer(815301076,1909f56bfc062723c751e8b465ee728b)
Start importing Assets/Scripts/InputAction.cs using Guid(f01d2bab181b3e744bcdb67747cf4fdc) Importer(815301076,1909f56bfc062723c751e8b465ee728b)  -> (artifact id: '7f1b30f70c0a4cf7e066c03579215b93') in 0.003116 seconds 
========================================================================
Received Prepare
Registering precompiled user dll's ...
Registered in 0.008334 seconds.
Begin MonoManager ReloadAssembly
Native extension for UWP target not found
Native extension for WindowsStandalone target not found
Native extension for Android target not found
Native extension for WebGL target not found
Refreshing native plugins compatible for Editor in 1.05 ms, found 4 plugins.
Preloading 0 native plugins for Editor in 0.00 ms.
Mono: successfully reloaded assembly
- Completed reload, in  1.162 seconds
Domain Reload Profiling:
	ReloadAssembly (1162ms)
		BeginReloadAssembly (160ms)
			ExecutionOrderSort (0ms)
			DisableScriptedObjects (8ms)
			BackupInstance (0ms)
			ReleaseScriptingObjects (0ms)
			CreateAndSetChildDomain (52ms)
		EndReloadAssembly (883ms)
			LoadAssemblies (101ms)
			RebuildTransferFunctionScriptingTraits (0ms)
			SetupTypeCache (273ms)
			ReleaseScriptCaches (1ms)
			RebuildScriptCaches (57ms)
			SetupLoadedEditorAssemblies (407ms)
				LogAssemblyErrors (0ms)
				InitializePlatformSupportModulesInManaged (25ms)
				SetLoadedEditorAssemblies (8ms)
				RefreshPlugins (1ms)
				BeforeProcessingInitializeOnLoad (72ms)
				ProcessInitializeOnLoadAttributes (258ms)
				ProcessInitializeOnLoadMethodAttributes (39ms)
				AfterProcessingInitializeOnLoad (3ms)
				EditorAssembliesLoaded (0ms)
			ExecutionOrderSort2 (0ms)
			AwakeInstancesAfterBackupRestoration (9ms)
Platform modules already initialized, skipping
Refreshing native plugins compatible for Editor in 2.77 ms, found 4 plugins.
Preloading 0 native plugins for Editor in 0.00 ms.
Unloading 4409 Unused Serialized files (Serialized files now loaded: 0)
Unloading 32 unused Assets / (196.6 KB). Loaded Objects now: 4949.
Memory consumption went from 169.0 MB to 168.9 MB.
Total: 4.407500 ms (FindLiveObjects: 0.429400 ms CreateObjectMapping: 0.410100 ms MarkObjects: 3.345700 ms  DeleteObjects: 0.220600 ms)

AssetImportParameters requested are different than current active one (requested -> active):
  custom:video-decoder-ogg-theora: a1e56fd34408186e4bbccfd4996cb3dc -> 
  custom:container-muxer-webm: aa71ff27fc2769a1b78a27578f13a17b -> 
  custom:container-demuxer-webm: 4f35f7cbe854078d1ac9338744f61a02 -> 
  custom:video-encoder-webm-vp8: eb34c28f22e8b96e1ab97ce403110664 -> 
  custom:audio-encoder-webm-vorbis: bf7c407c2cedff20999df2af8eb42d56 -> 
  custom:framework-win-MediaFoundation: 216162199b28c13a410421893ffa2e32 -> 
  custom:container-demuxer-ogg: 62fdf1f143b41e24485cea50d1cbac27 -> 
  custom:video-decoder-webm-vp8: 9c59270c3fd7afecdb556c50c9e8de78 -> 
  custom:audio-decoder-ogg-vorbis: bf7c407c2cedff20999df2af8eb42d56 -> 
========================================================================
Received Prepare
Registering precompiled user dll's ...
Registered in 0.005474 seconds.
Begin MonoManager ReloadAssembly
Native extension for UWP target not found
Native extension for WindowsStandalone target not found
Native extension for Android target not found
Native extension for WebGL target not found
Refreshing native plugins compatible for Editor in 0.95 ms, found 4 plugins.
Preloading 0 native plugins for Editor in 0.00 ms.
Mono: successfully reloaded assembly
- Completed reload, in  1.210 seconds
Domain Reload Profiling:
	ReloadAssembly (1211ms)
		BeginReloadAssembly (147ms)
			ExecutionOrderSort (0ms)
			DisableScriptedObjects (7ms)
			BackupInstance (0ms)
			ReleaseScriptingObjects (0ms)
			CreateAndSetChildDomain (44ms)
		EndReloadAssembly (950ms)
			LoadAssemblies (105ms)
			RebuildTransferFunctionScriptingTraits (0ms)
			SetupTypeCache (279ms)
			ReleaseScriptCaches (1ms)
			RebuildScriptCaches (47ms)
			SetupLoadedEditorAssemblies (450ms)
				LogAssemblyErrors (0ms)
				InitializePlatformSupportModulesInManaged (23ms)
				SetLoadedEditorAssemblies (1ms)
				RefreshPlugins (1ms)
				BeforeProcessingInitializeOnLoad (77ms)
				ProcessInitializeOnLoadAttributes (303ms)
				ProcessInitializeOnLoadMethodAttributes (42ms)
				AfterProcessingInitializeOnLoad (3ms)
				EditorAssembliesLoaded (0ms)
			ExecutionOrderSort2 (0ms)
			AwakeInstancesAfterBackupRestoration (9ms)
Platform modules already initialized, skipping
Refreshing native plugins compatible for Editor in 3.85 ms, found 4 plugins.
Preloading 0 native plugins for Editor in 0.00 ms.
Unloading 4409 Unused Serialized files (Serialized files now loaded: 0)
Unloading 32 unused Assets / (195.3 KB). Loaded Objects now: 4952.
Memory consumption went from 169.0 MB to 168.8 MB.
Total: 4.119100 ms (FindLiveObjects: 0.385300 ms CreateObjectMapping: 0.326700 ms MarkObjects: 3.247500 ms  DeleteObjects: 0.158100 ms)

AssetImportParameters requested are different than current active one (requested -> active):
  custom:video-decoder-ogg-theora: a1e56fd34408186e4bbccfd4996cb3dc -> 
  custom:container-muxer-webm: aa71ff27fc2769a1b78a27578f13a17b -> 
  custom:container-demuxer-webm: 4f35f7cbe854078d1ac9338744f61a02 -> 
  custom:video-encoder-webm-vp8: eb34c28f22e8b96e1ab97ce403110664 -> 
  custom:audio-encoder-webm-vorbis: bf7c407c2cedff20999df2af8eb42d56 -> 
  custom:framework-win-MediaFoundation: 216162199b28c13a410421893ffa2e32 -> 
  custom:container-demuxer-ogg: 62fdf1f143b41e24485cea50d1cbac27 -> 
  custom:video-decoder-webm-vp8: 9c59270c3fd7afecdb556c50c9e8de78 -> 
  custom:audio-decoder-ogg-vorbis: bf7c407c2cedff20999df2af8eb42d56 -> 
========================================================================
Received Prepare
Registering precompiled user dll's ...
Registered in 0.009144 seconds.
Begin MonoManager ReloadAssembly
Native extension for UWP target not found
Native extension for WindowsStandalone target not found
Native extension for Android target not found
Native extension for WebGL target not found
Refreshing native plugins compatible for Editor in 0.80 ms, found 4 plugins.
Preloading 0 native plugins for Editor in 0.00 ms.
Mono: successfully reloaded assembly
- Completed reload, in  1.321 seconds
Domain Reload Profiling:
	ReloadAssembly (1321ms)
		BeginReloadAssembly (197ms)
			ExecutionOrderSort (0ms)
			DisableScriptedObjects (10ms)
			BackupInstance (0ms)
			ReleaseScriptingObjects (0ms)
			CreateAndSetChildDomain (63ms)
		EndReloadAssembly (992ms)
			LoadAssemblies (133ms)
			RebuildTransferFunctionScriptingTraits (0ms)
			SetupTypeCache (332ms)
			ReleaseScriptCaches (2ms)
			RebuildScriptCaches (55ms)
			SetupLoadedEditorAssemblies (432ms)
				LogAssemblyErrors (0ms)
				InitializePlatformSupportModulesInManaged (26ms)
				SetLoadedEditorAssemblies (1ms)
				RefreshPlugins (1ms)
				BeforeProcessingInitializeOnLoad (82ms)
				ProcessInitializeOnLoadAttributes (284ms)
				ProcessInitializeOnLoadMethodAttributes (37ms)
				AfterProcessingInitializeOnLoad (3ms)
				EditorAssembliesLoaded (0ms)
			ExecutionOrderSort2 (0ms)
			AwakeInstancesAfterBackupRestoration (10ms)
Platform modules already initialized, skipping
Refreshing native plugins compatible for Editor in 3.67 ms, found 4 plugins.
Preloading 0 native plugins for Editor in 0.00 ms.
Unloading 4410 Unused Serialized files (Serialized files now loaded: 0)
Unloading 32 unused Assets / (195.5 KB). Loaded Objects now: 4956.
Memory consumption went from 169.1 MB to 168.9 MB.
Total: 5.109700 ms (FindLiveObjects: 0.408000 ms CreateObjectMapping: 0.406600 ms MarkObjects: 4.086000 ms  DeleteObjects: 0.207600 ms)

AssetImportParameters requested are different than current active one (requested -> active):
  custom:video-decoder-ogg-theora: a1e56fd34408186e4bbccfd4996cb3dc -> 
  custom:container-muxer-webm: aa71ff27fc2769a1b78a27578f13a17b -> 
  custom:container-demuxer-webm: 4f35f7cbe854078d1ac9338744f61a02 -> 
  custom:video-encoder-webm-vp8: eb34c28f22e8b96e1ab97ce403110664 -> 
  custom:audio-encoder-webm-vorbis: bf7c407c2cedff20999df2af8eb42d56 -> 
  custom:framework-win-MediaFoundation: 216162199b28c13a410421893ffa2e32 -> 
  custom:container-demuxer-ogg: 62fdf1f143b41e24485cea50d1cbac27 -> 
  custom:video-decoder-webm-vp8: 9c59270c3fd7afecdb556c50c9e8de78 -> 
  custom:audio-decoder-ogg-vorbis: bf7c407c2cedff20999df2af8eb42d56 -> 
========================================================================
Received Import Request.
  Time since last request: 1631.766190 seconds.
  path: Assets/Scripts/NewBehaviourScript.cs
  artifactKey: Guid(1e87257adb1cf3f4195624b81682fb39) Importer(815301076,1909f56bfc062723c751e8b465ee728b)
Start importing Assets/Scripts/NewBehaviourScript.cs using Guid(1e87257adb1cf3f4195624b81682fb39) Importer(815301076,1909f56bfc062723c751e8b465ee728b)  -> (artifact id: '05f0206980b87fe9c0bcbe67053aab59') in 0.011208 seconds 
========================================================================
Received Import Request.
  Time since last request: 27.593643 seconds.
  path: Assets/Scripts/inputhander.cs
  artifactKey: Guid(101f2ea55d65b7344b9a844045cccbff) Importer(815301076,1909f56bfc062723c751e8b465ee728b)
Start importing Assets/Scripts/inputhander.cs using Guid(101f2ea55d65b7344b9a844045cccbff) Importer(815301076,1909f56bfc062723c751e8b465ee728b)  -> (artifact id: '34c6b5a42af82b13b0afb3133d0757cb') in 0.012999 seconds 
========================================================================
Received Prepare
Registering precompiled user dll's ...
Registered in 0.006054 seconds.
Begin MonoManager ReloadAssembly
Native extension for UWP target not found
Native extension for WindowsStandalone target not found
Native extension for Android target not found
Native extension for WebGL target not found
Refreshing native plugins compatible for Editor in 0.78 ms, found 4 plugins.
Preloading 0 native plugins for Editor in 0.00 ms.
Mono: successfully reloaded assembly
- Completed reload, in  1.120 seconds
Domain Reload Profiling:
	ReloadAssembly (1121ms)
		BeginReloadAssembly (171ms)
			ExecutionOrderSort (0ms)
			DisableScriptedObjects (10ms)
			BackupInstance (0ms)
			ReleaseScriptingObjects (0ms)
			CreateAndSetChildDomain (52ms)
		EndReloadAssembly (844ms)
			LoadAssemblies (107ms)
			RebuildTransferFunctionScriptingTraits (0ms)
			SetupTypeCache (265ms)
			ReleaseScriptCaches (1ms)
			RebuildScriptCaches (57ms)
			SetupLoadedEditorAssemblies (385ms)
				LogAssemblyErrors (0ms)
				InitializePlatformSupportModulesInManaged (22ms)
				SetLoadedEditorAssemblies (0ms)
				RefreshPlugins (1ms)
				BeforeProcessingInitializeOnLoad (70ms)
				ProcessInitializeOnLoadAttributes (251ms)
				ProcessInitializeOnLoadMethodAttributes (36ms)
				AfterProcessingInitializeOnLoad (3ms)
				EditorAssembliesLoaded (0ms)
			ExecutionOrderSort2 (0ms)
			AwakeInstancesAfterBackupRestoration (8ms)
Platform modules already initialized, skipping
Refreshing native plugins compatible for Editor in 3.20 ms, found 4 plugins.
Preloading 0 native plugins for Editor in 0.00 ms.
Unloading 4411 Unused Serialized files (Serialized files now loaded: 0)
Unloading 32 unused Assets / (196.5 KB). Loaded Objects now: 4960.
Memory consumption went from 169.1 MB to 168.9 MB.
Total: 5.081600 ms (FindLiveObjects: 0.403700 ms CreateObjectMapping: 0.370600 ms MarkObjects: 4.100900 ms  DeleteObjects: 0.205100 ms)

AssetImportParameters requested are different than current active one (requested -> active):
  custom:video-decoder-ogg-theora: a1e56fd34408186e4bbccfd4996cb3dc -> 
  custom:container-muxer-webm: aa71ff27fc2769a1b78a27578f13a17b -> 
  custom:container-demuxer-webm: 4f35f7cbe854078d1ac9338744f61a02 -> 
  custom:video-encoder-webm-vp8: eb34c28f22e8b96e1ab97ce403110664 -> 
  custom:audio-encoder-webm-vorbis: bf7c407c2cedff20999df2af8eb42d56 -> 
  custom:framework-win-MediaFoundation: 216162199b28c13a410421893ffa2e32 -> 
  custom:container-demuxer-ogg: 62fdf1f143b41e24485cea50d1cbac27 -> 
  custom:video-decoder-webm-vp8: 9c59270c3fd7afecdb556c50c9e8de78 -> 
  custom:audio-decoder-ogg-vorbis: bf7c407c2cedff20999df2af8eb42d56 -> 
========================================================================
Received Prepare
Registering precompiled user dll's ...
Registered in 0.007380 seconds.
Begin MonoManager ReloadAssembly
Native extension for UWP target not found
Native extension for WindowsStandalone target not found
Native extension for Android target not found
Native extension for WebGL target not found
Refreshing native plugins compatible for Editor in 1.16 ms, found 4 plugins.
Preloading 0 native plugins for Editor in 0.00 ms.
Mono: successfully reloaded assembly
- Completed reload, in  1.334 seconds
Domain Reload Profiling:
	ReloadAssembly (1335ms)
		BeginReloadAssembly (166ms)
			ExecutionOrderSort (0ms)
			DisableScriptedObjects (11ms)
			BackupInstance (0ms)
			ReleaseScriptingObjects (0ms)
			CreateAndSetChildDomain (54ms)
		EndReloadAssembly (1042ms)
			LoadAssemblies (110ms)
			RebuildTransferFunctionScriptingTraits (0ms)
			SetupTypeCache (325ms)
			ReleaseScriptCaches (2ms)
			RebuildScriptCaches (56ms)
			SetupLoadedEditorAssemblies (489ms)
				LogAssemblyErrors (0ms)
				InitializePlatformSupportModulesInManaged (34ms)
				SetLoadedEditorAssemblies (1ms)
				RefreshPlugins (1ms)
				BeforeProcessingInitializeOnLoad (102ms)
				ProcessInitializeOnLoadAttributes (305ms)
				ProcessInitializeOnLoadMethodAttributes (42ms)
				AfterProcessingInitializeOnLoad (3ms)
				EditorAssembliesLoaded (0ms)
			ExecutionOrderSort2 (0ms)
			AwakeInstancesAfterBackupRestoration (11ms)
Platform modules already initialized, skipping
Refreshing native plugins compatible for Editor in 3.63 ms, found 4 plugins.
Preloading 0 native plugins for Editor in 0.00 ms.
Unloading 4410 Unused Serialized files (Serialized files now loaded: 0)
Unloading 33 unused Assets / (195.3 KB). Loaded Objects now: 4962.
Memory consumption went from 169.1 MB to 168.9 MB.
Total: 5.015400 ms (FindLiveObjects: 0.407600 ms CreateObjectMapping: 0.386300 ms MarkObjects: 4.008500 ms  DeleteObjects: 0.211600 ms)

AssetImportParameters requested are different than current active one (requested -> active):
  custom:video-decoder-ogg-theora: a1e56fd34408186e4bbccfd4996cb3dc -> 
  custom:container-muxer-webm: aa71ff27fc2769a1b78a27578f13a17b -> 
  custom:container-demuxer-webm: 4f35f7cbe854078d1ac9338744f61a02 -> 
  custom:video-encoder-webm-vp8: eb34c28f22e8b96e1ab97ce403110664 -> 
  custom:audio-encoder-webm-vorbis: bf7c407c2cedff20999df2af8eb42d56 -> 
  custom:framework-win-MediaFoundation: 216162199b28c13a410421893ffa2e32 -> 
  custom:container-demuxer-ogg: 62fdf1f143b41e24485cea50d1cbac27 -> 
  custom:video-decoder-webm-vp8: 9c59270c3fd7afecdb556c50c9e8de78 -> 
  custom:audio-decoder-ogg-vorbis: bf7c407c2cedff20999df2af8eb42d56 -> 
========================================================================
Received Import Request.
  Time since last request: 1212.065643 seconds.
  path: Assets/Settings/InputShema
  artifactKey: Guid(b61b523a6ac4f487ab5826a401c0c04a) Importer(815301076,1909f56bfc062723c751e8b465ee728b)
Start importing Assets/Settings/InputShema using Guid(b61b523a6ac4f487ab5826a401c0c04a) Importer(815301076,1909f56bfc062723c751e8b465ee728b)  -> (artifact id: 'b470701dc756908f356c3308ce442695') in 0.017583 seconds 
========================================================================
Received Import Request.
  Time since last request: 0.029899 seconds.
  path: Assets/Settings/InputShema/Input.inputactions
  artifactKey: Guid(88c4a59c5a24e4a268cc7cc8525f2cb4) Importer(815301076,1909f56bfc062723c751e8b465ee728b)
Start importing Assets/Settings/InputShema/Input.inputactions using Guid(88c4a59c5a24e4a268cc7cc8525f2cb4) Importer(815301076,1909f56bfc062723c751e8b465ee728b)  -> (artifact id: 'c31c01b8978f37ec2904d2b2faa995aa') in 0.036051 seconds 
========================================================================
Received Import Request.
  Time since last request: 51.564960 seconds.
  path: Assets/Settings/InputShema/Input.cs
  artifactKey: Guid(9c07bf311297046e8ac8072ba0246e47) Importer(815301076,1909f56bfc062723c751e8b465ee728b)
Start importing Assets/Settings/InputShema/Input.cs using Guid(9c07bf311297046e8ac8072ba0246e47) Importer(815301076,1909f56bfc062723c751e8b465ee728b)  -> (artifact id: 'deca21756e24592821c6020289baf610') in 0.002381 seconds 
========================================================================
Received Import Request.
  Time since last request: 27.808628 seconds.
  path: Assets/Settings/InputShema/Input.inputactions
  artifactKey: Guid(88c4a59c5a24e4a268cc7cc8525f2cb4) Importer(815301076,1909f56bfc062723c751e8b465ee728b)
Start importing Assets/Settings/InputShema/Input.inputactions using Guid(88c4a59c5a24e4a268cc7cc8525f2cb4) Importer(815301076,1909f56bfc062723c751e8b465ee728b)  -> (artifact id: '826727027f1bef118e983c7553f28cf3') in 0.019781 seconds 
========================================================================
Received Import Request.
  Time since last request: 61.576265 seconds.
  path: Assets/Settings/InputShema/Input.inputactions
  artifactKey: Guid(88c4a59c5a24e4a268cc7cc8525f2cb4) Importer(815301076,1909f56bfc062723c751e8b465ee728b)
Start importing Assets/Settings/InputShema/Input.inputactions using Guid(88c4a59c5a24e4a268cc7cc8525f2cb4) Importer(815301076,1909f56bfc062723c751e8b465ee728b)  -> (artifact id: '0ae9c33e50f2369f76a88b503fe31e5c') in 0.004660 seconds 
========================================================================
Received Import Request.
  Time since last request: 65.602238 seconds.
  path: Assets/Settings/InputShema/Input.cs
  artifactKey: Guid(9c07bf311297046e8ac8072ba0246e47) Importer(815301076,1909f56bfc062723c751e8b465ee728b)
Start importing Assets/Settings/InputShema/Input.cs using Guid(9c07bf311297046e8ac8072ba0246e47) Importer(815301076,1909f56bfc062723c751e8b465ee728b)  -> (artifact id: '0253c4cca9bd10ee804d2bdd0633da44') in 0.005821 seconds 
========================================================================
Received Import Request.
  Time since last request: 37.313571 seconds.
  path: Assets/Settings/InputShema/Input.cs
  artifactKey: Guid(9c07bf311297046e8ac8072ba0246e47) Importer(815301076,1909f56bfc062723c751e8b465ee728b)
Start importing Assets/Settings/InputShema/Input.cs using Guid(9c07bf311297046e8ac8072ba0246e47) Importer(815301076,1909f56bfc062723c751e8b465ee728b)  -> (artifact id: '40f075352090cc6a3827436d35d58286') in 0.003391 seconds 
