Using pre-set license
Built from '2021.3/staging' branch; Version is '2021.3.10f1 (1c7d0df0160b) revision 1867021'; Using compiler version '192829333'; Build Type 'Release'
OS: 'Windows 10  (10.0.19043) 64bit CoreSingleLanguage' Language: 'ru' Physical Memory: 8151 MB
BatchMode: 1, IsHumanControllingUs: 0, StartBugReporterOnCrash: 0, Is64bit: 1, IsPro: 1

COMMAND LINE ARGUMENTS:
D:\UNITYHUB\Unity\2021.3.10f1\Editor\Unity.exe
-adb2
-batchMode
-noUpm
-name
AssetImportWorker0
-projectPath
D:/UNITYHUB/Project/FlappyBird
-logFile
Logs/AssetImportWorker0.log
-srvPort
54423
Successfully changed project path to: D:/UNITYHUB/Project/FlappyBird
D:/UNITYHUB/Project/FlappyBird
[UnityMemory] Configuration Parameters - Can be set up in boot.config
    "memorysetup-bucket-allocator-granularity=16"
    "memorysetup-bucket-allocator-bucket-count=8"
    "memorysetup-bucket-allocator-block-size=33554432"
    "memorysetup-bucket-allocator-block-count=8"
    "memorysetup-main-allocator-block-size=16777216"
    "memorysetup-thread-allocator-block-size=16777216"
    "memorysetup-gfx-main-allocator-block-size=16777216"
    "memorysetup-gfx-thread-allocator-block-size=16777216"
    "memorysetup-cache-allocator-block-size=4194304"
    "memorysetup-typetree-allocator-block-size=2097152"
    "memorysetup-profiler-bucket-allocator-granularity=16"
    "memorysetup-profiler-bucket-allocator-bucket-count=8"
    "memorysetup-profiler-bucket-allocator-block-size=33554432"
    "memorysetup-profiler-bucket-allocator-block-count=8"
    "memorysetup-profiler-allocator-block-size=16777216"
    "memorysetup-profiler-editor-allocator-block-size=1048576"
    "memorysetup-temp-allocator-size-main=16777216"
    "memorysetup-job-temp-allocator-block-size=2097152"
    "memorysetup-job-temp-allocator-block-size-background=1048576"
    "memorysetup-job-temp-allocator-reduction-small-platforms=262144"
    "memorysetup-temp-allocator-size-background-worker=32768"
    "memorysetup-temp-allocator-size-job-worker=262144"
    "memorysetup-temp-allocator-size-preload-manager=33554432"
    "memorysetup-temp-allocator-size-nav-mesh-worker=65536"
    "memorysetup-temp-allocator-size-audio-worker=65536"
    "memorysetup-temp-allocator-size-cloud-worker=32768"
    "memorysetup-temp-allocator-size-gi-baking-worker=262144"
    "memorysetup-temp-allocator-size-gfx=262144"
Refreshing native plugins compatible for Editor in 228.28 ms, found 4 plugins.
Preloading 0 native plugins for Editor in 0.00 ms.
Initialize engine version: 2021.3.10f1 (1c7d0df0160b)
[Subsystems] Discovering subsystems at path D:/UNITYHUB/Unity/2021.3.10f1/Editor/Data/Resources/UnitySubsystems
[Subsystems] Discovering subsystems at path D:/UNITYHUB/Project/FlappyBird/Assets
GfxDevice: creating device client; threaded=0; jobified=0
Direct3D:
    Version:  Direct3D 11.0 [level 11.1]
    Renderer: NVIDIA GeForce GTX 1050 Ti (ID=0x1c82)
    Vendor:   NVIDIA
    VRAM:     4019 MB
    Driver:   31.0.15.1694
Initialize mono
Mono path[0] = 'D:/UNITYHUB/Unity/2021.3.10f1/Editor/Data/Managed'
Mono path[1] = 'D:/UNITYHUB/Unity/2021.3.10f1/Editor/Data/MonoBleedingEdge/lib/mono/unityjit-win32'
Mono config path = 'D:/UNITYHUB/Unity/2021.3.10f1/Editor/Data/MonoBleedingEdge/etc'
Using monoOptions --debugger-agent=transport=dt_socket,embedding=1,server=y,suspend=n,address=127.0.0.1:56748
Begin MonoManager ReloadAssembly
Registering precompiled unity dll's ...
Register platform support module: D:/UNITYHUB/Unity/2021.3.10f1/Editor/Data/PlaybackEngines/WebGLSupport/UnityEditor.WebGL.Extensions.dll
Register platform support module: D:/UNITYHUB/Unity/2021.3.10f1/Editor/Data/PlaybackEngines/AndroidPlayer/UnityEditor.Android.Extensions.dll
Register platform support module: D:/UNITYHUB/Unity/2021.3.10f1/Editor/Data/PlaybackEngines/WindowsStandaloneSupport/UnityEditor.WindowsStandalone.Extensions.dll
Register platform support module: D:/UNITYHUB/Unity/2021.3.10f1/Editor/Data/PlaybackEngines/MetroSupport/UnityEditor.UWP.Extensions.dll
Registered in 0.006024 seconds.
Native extension for UWP target not found
Native extension for WindowsStandalone target not found
Native extension for Android target not found
Native extension for WebGL target not found
Refreshing native plugins compatible for Editor in 186.50 ms, found 4 plugins.
Preloading 0 native plugins for Editor in 0.00 ms.
Mono: successfully reloaded assembly
- Completed reload, in  1.123 seconds
Domain Reload Profiling:
	ReloadAssembly (1124ms)
		BeginReloadAssembly (99ms)
			ExecutionOrderSort (0ms)
			DisableScriptedObjects (0ms)
			BackupInstance (0ms)
			ReleaseScriptingObjects (0ms)
			CreateAndSetChildDomain (1ms)
		EndReloadAssembly (880ms)
			LoadAssemblies (99ms)
			RebuildTransferFunctionScriptingTraits (0ms)
			SetupTypeCache (262ms)
			ReleaseScriptCaches (0ms)
			RebuildScriptCaches (37ms)
			SetupLoadedEditorAssemblies (492ms)
				LogAssemblyErrors (0ms)
				InitializePlatformSupportModulesInManaged (79ms)
				SetLoadedEditorAssemblies (0ms)
				RefreshPlugins (187ms)
				BeforeProcessingInitializeOnLoad (2ms)
				ProcessInitializeOnLoadAttributes (156ms)
				ProcessInitializeOnLoadMethodAttributes (67ms)
				AfterProcessingInitializeOnLoad (0ms)
				EditorAssembliesLoaded (0ms)
			ExecutionOrderSort2 (0ms)
			AwakeInstancesAfterBackupRestoration (0ms)
Platform modules already initialized, skipping
Registering precompiled user dll's ...
Registered in 0.008505 seconds.
Begin MonoManager ReloadAssembly
Symbol file LoadedFromMemory doesn't match image D:\UNITYHUB\Project\FlappyBird\Library\PackageCache\com.unity.visualscripting@1.7.8\Editor\VisualScripting.Core\Dependencies\YamlDotNet\Unity.VisualScripting.YamlDotNet.dll
Symbol file LoadedFromMemory doesn't match image D:\UNITYHUB\Project\FlappyBird\Library\PackageCache\com.unity.visualscripting@1.7.8\Editor\VisualScripting.Core\Dependencies\DotNetZip\Unity.VisualScripting.IonicZip.dll
Native extension for UWP target not found
Native extension for WindowsStandalone target not found
Native extension for Android target not found
Native extension for WebGL target not found
Refreshing native plugins compatible for Editor in 155.78 ms, found 4 plugins.
Preloading 0 native plugins for Editor in 0.00 ms.
Mono: successfully reloaded assembly
- Completed reload, in  1.943 seconds
Domain Reload Profiling:
	ReloadAssembly (1945ms)
		BeginReloadAssembly (264ms)
			ExecutionOrderSort (0ms)
			DisableScriptedObjects (6ms)
			BackupInstance (0ms)
			ReleaseScriptingObjects (0ms)
			CreateAndSetChildDomain (161ms)
		EndReloadAssembly (1551ms)
			LoadAssemblies (104ms)
			RebuildTransferFunctionScriptingTraits (0ms)
			SetupTypeCache (461ms)
			ReleaseScriptCaches (1ms)
			RebuildScriptCaches (76ms)
			SetupLoadedEditorAssemblies (836ms)
				LogAssemblyErrors (0ms)
				InitializePlatformSupportModulesInManaged (21ms)
				SetLoadedEditorAssemblies (0ms)
				RefreshPlugins (156ms)
				BeforeProcessingInitializeOnLoad (152ms)
				ProcessInitializeOnLoadAttributes (424ms)
				ProcessInitializeOnLoadMethodAttributes (75ms)
				AfterProcessingInitializeOnLoad (7ms)
				EditorAssembliesLoaded (0ms)
			ExecutionOrderSort2 (0ms)
			AwakeInstancesAfterBackupRestoration (14ms)
Platform modules already initialized, skipping
========================================================================
Worker process is ready to serve import requests
Launched and connected shader compiler UnityShaderCompiler.exe after 0.10 seconds
Refreshing native plugins compatible for Editor in 1.20 ms, found 4 plugins.
Preloading 0 native plugins for Editor in 0.00 ms.
Unloading 4414 Unused Serialized files (Serialized files now loaded: 0)
Unloading 47 unused Assets / (229.1 KB). Loaded Objects now: 4867.
Memory consumption went from 164.7 MB to 164.4 MB.
Total: 6.664000 ms (FindLiveObjects: 0.494100 ms CreateObjectMapping: 0.545900 ms MarkObjects: 5.325900 ms  DeleteObjects: 0.296400 ms)

AssetImportParameters requested are different than current active one (requested -> active):
  custom:video-decoder-ogg-theora: a1e56fd34408186e4bbccfd4996cb3dc -> 
  custom:container-muxer-webm: aa71ff27fc2769a1b78a27578f13a17b -> 
  custom:container-demuxer-webm: 4f35f7cbe854078d1ac9338744f61a02 -> 
  custom:video-encoder-webm-vp8: eb34c28f22e8b96e1ab97ce403110664 -> 
  custom:audio-encoder-webm-vorbis: bf7c407c2cedff20999df2af8eb42d56 -> 
  custom:framework-win-MediaFoundation: 216162199b28c13a410421893ffa2e32 -> 
  custom:container-demuxer-ogg: 62fdf1f143b41e24485cea50d1cbac27 -> 
  custom:video-decoder-webm-vp8: 9c59270c3fd7afecdb556c50c9e8de78 -> 
  custom:audio-decoder-ogg-vorbis: bf7c407c2cedff20999df2af8eb42d56 -> 
========================================================================
Received Import Request.
  Time since last request: 324998.189651 seconds.
  path: Assets/Scripts/inputhander.cs
  artifactKey: Guid(101f2ea55d65b7344b9a844045cccbff) Importer(815301076,1909f56bfc062723c751e8b465ee728b)
Start importing Assets/Scripts/inputhander.cs using Guid(101f2ea55d65b7344b9a844045cccbff) Importer(815301076,1909f56bfc062723c751e8b465ee728b)  -> (artifact id: '3a0d53930e1564e45883f3323c7292f7') in 0.291728 seconds 
========================================================================
Received Import Request.
  Time since last request: 112.541776 seconds.
  path: Assets/Scripts/inputhander.cs
  artifactKey: Guid(101f2ea55d65b7344b9a844045cccbff) Importer(815301076,1909f56bfc062723c751e8b465ee728b)
Start importing Assets/Scripts/inputhander.cs using Guid(101f2ea55d65b7344b9a844045cccbff) Importer(815301076,1909f56bfc062723c751e8b465ee728b)  -> (artifact id: '63b47bd83167c57e16ae50995279f838') in 0.020628 seconds 
========================================================================
Received Import Request.
  Time since last request: 50.710873 seconds.
  path: Assets/Scripts/inputhander.cs
  artifactKey: Guid(101f2ea55d65b7344b9a844045cccbff) Importer(815301076,1909f56bfc062723c751e8b465ee728b)
Start importing Assets/Scripts/inputhander.cs using Guid(101f2ea55d65b7344b9a844045cccbff) Importer(815301076,1909f56bfc062723c751e8b465ee728b)  -> (artifact id: 'f36035c5b166e40b2be4530b8133d45f') in 0.025045 seconds 
========================================================================
Received Import Request.
  Time since last request: 238.732467 seconds.
  path: Assets/Scripts/BirdMover.cs
  artifactKey: Guid(532b4a51f00209f49b024f16c4354093) Importer(815301076,1909f56bfc062723c751e8b465ee728b)
Start importing Assets/Scripts/BirdMover.cs using Guid(532b4a51f00209f49b024f16c4354093) Importer(815301076,1909f56bfc062723c751e8b465ee728b)  -> (artifact id: '3a5d832d53ea4db933a4f1b4310a1e66') in 0.008911 seconds 
========================================================================
Received Import Request.
  Time since last request: 409.035526 seconds.
  path: Assets/Scripts/BirdMover.cs
  artifactKey: Guid(532b4a51f00209f49b024f16c4354093) Importer(815301076,1909f56bfc062723c751e8b465ee728b)
Start importing Assets/Scripts/BirdMover.cs using Guid(532b4a51f00209f49b024f16c4354093) Importer(815301076,1909f56bfc062723c751e8b465ee728b)  -> (artifact id: '88a517c7bb593294e21d06fae46f13bf') in 0.011775 seconds 
========================================================================
Received Import Request.
  Time since last request: 102.707875 seconds.
  path: Assets/Scripts/inputhander.cs
  artifactKey: Guid(101f2ea55d65b7344b9a844045cccbff) Importer(815301076,1909f56bfc062723c751e8b465ee728b)
Start importing Assets/Scripts/inputhander.cs using Guid(101f2ea55d65b7344b9a844045cccbff) Importer(815301076,1909f56bfc062723c751e8b465ee728b)  -> (artifact id: 'ebbc843012f5c81baf6c68ab693210ef') in 0.007471 seconds 
========================================================================
Received Import Request.
  Time since last request: 45.895807 seconds.
  path: Assets/birdfly.cs
  artifactKey: Guid(8452bcdf159e3a348ae49445da15944e) Importer(815301076,1909f56bfc062723c751e8b465ee728b)
Start importing Assets/birdfly.cs using Guid(8452bcdf159e3a348ae49445da15944e) Importer(815301076,1909f56bfc062723c751e8b465ee728b)  -> (artifact id: 'a65989b065c13b20706fb066b7654f31') in 0.015038 seconds 
========================================================================
Received Import Request.
  Time since last request: 26.991390 seconds.
  path: Assets/birdfly.cs
  artifactKey: Guid(8452bcdf159e3a348ae49445da15944e) Importer(815301076,1909f56bfc062723c751e8b465ee728b)
Start importing Assets/birdfly.cs using Guid(8452bcdf159e3a348ae49445da15944e) Importer(815301076,1909f56bfc062723c751e8b465ee728b)  -> (artifact id: 'b3a636495931f61da4ace1686d8d4107') in 0.004582 seconds 
========================================================================
Received Import Request.
  Time since last request: 20.720146 seconds.
  path: Assets/birdmo.cs
  artifactKey: Guid(67ff5048d7634ef49965092f915d4d2c) Importer(815301076,1909f56bfc062723c751e8b465ee728b)
Start importing Assets/birdmo.cs using Guid(67ff5048d7634ef49965092f915d4d2c) Importer(815301076,1909f56bfc062723c751e8b465ee728b)  -> (artifact id: 'f453b2a60e71ce161f42cf0c7c640351') in 0.012376 seconds 
========================================================================
Received Import Request.
  Time since last request: 15.678637 seconds.
  path: Assets/birdmo.cs
  artifactKey: Guid(67ff5048d7634ef49965092f915d4d2c) Importer(815301076,1909f56bfc062723c751e8b465ee728b)
Start importing Assets/birdmo.cs using Guid(67ff5048d7634ef49965092f915d4d2c) Importer(815301076,1909f56bfc062723c751e8b465ee728b)  -> (artifact id: 'a8d43df1fd5e3f4b8c0615dda7e85da7') in 0.009109 seconds 
========================================================================
Received Import Request.
  Time since last request: 187.068628 seconds.
  path: Assets/Scripts/BirdMover.cs
  artifactKey: Guid(532b4a51f00209f49b024f16c4354093) Importer(815301076,1909f56bfc062723c751e8b465ee728b)
Start importing Assets/Scripts/BirdMover.cs using Guid(532b4a51f00209f49b024f16c4354093) Importer(815301076,1909f56bfc062723c751e8b465ee728b)  -> (artifact id: '5d0c5d7fa849530441aff3c240ff2d06') in 0.003982 seconds 
========================================================================
Received Import Request.
  Time since last request: 300.537460 seconds.
  path: Assets/Scripts/BirdMover.cs
  artifactKey: Guid(532b4a51f00209f49b024f16c4354093) Importer(815301076,1909f56bfc062723c751e8b465ee728b)
Start importing Assets/Scripts/BirdMover.cs using Guid(532b4a51f00209f49b024f16c4354093) Importer(815301076,1909f56bfc062723c751e8b465ee728b)  -> (artifact id: 'c52b41175e95eaa639ec0bb89cf13146') in 0.003566 seconds 
========================================================================
Received Import Request.
  Time since last request: 163.925346 seconds.
  path: Assets/Scripts/inputhander.cs
  artifactKey: Guid(101f2ea55d65b7344b9a844045cccbff) Importer(815301076,1909f56bfc062723c751e8b465ee728b)
Start importing Assets/Scripts/inputhander.cs using Guid(101f2ea55d65b7344b9a844045cccbff) Importer(815301076,1909f56bfc062723c751e8b465ee728b)  -> (artifact id: 'f9b0e3895f8509d77a8e9fbdd94c58bf') in 0.003003 seconds 
